<?xml version="1.0" encoding="utf-8"?>
<?AutomationStudio Version="4.4.4.112"?>
<Objects>
  <Object
    Path="C:\Users\Nicol\Documents\GitHub\Ironer-Line\EIT5Projekt1\Logical\Package.pkg"
    LogicalPath=""
    Type="Package.ParentUnknown"
    LastWriteTime="132476549393537952" />
  <Object
    Path="C:\Users\Nicol\Documents\GitHub\Ironer-Line\EIT5Projekt1\Logical\Global.typ"
    LogicalPath="Global.typ"
    Type="File"
    LastWriteTime="132476691092072348"
    Private="false" />
  <Object
    Path="C:\Users\Nicol\Documents\GitHub\Ironer-Line\EIT5Projekt1\Logical\Global.var"
    LogicalPath="Global.var"
    Type="File"
    LastWriteTime="132476723617265707"
    Private="false" />
  <Object
    Path="C:\Users\Nicol\Documents\GitHub\Ironer-Line\EIT5Projekt1\Logical\Libraries\Package.pkg"
    LogicalPath="Libraries"
    Type="Package"
    LastWriteTime="132461115951453509" />
  <Object
    Path="C:\Users\Nicol\Documents\GitHub\Ironer-Line\EIT5Projekt1\Logical\Libraries\operator\Binary.lby"
    LogicalPath="Libraries.operator"
    Type="Library"
    LastWriteTime="132461115932423953" />
  <Object
    Path="C:\Users\Nicol\Documents\GitHub\Ironer-Line\EIT5Projekt1\Logical\Libraries\operator\operator.fun"
    LogicalPath="Libraries.operator.operator.fun"
    Type="File"
    LastWriteTime="132461115932152098"
    Private="false" />
  <Object
    Path="C:\Users\Nicol\Documents\GitHub\Ironer-Line\EIT5Projekt1\Logical\Libraries\operator\operator.typ"
    LogicalPath="Libraries.operator.operator.typ"
    Type="File"
    LastWriteTime="132461115932294538"
    Private="false" />
  <Object
    Path="C:\Users\Nicol\Documents\GitHub\Ironer-Line\EIT5Projekt1\Logical\Libraries\operator\operator.var"
    LogicalPath="Libraries.operator.operator.var"
    Type="File"
    LastWriteTime="132461115932413951"
    Private="false" />
  <Object
    Path="C:\Users\Nicol\Documents\GitHub\Ironer-Line\EIT5Projekt1\Logical\Libraries\runtime\Binary.lby"
    LogicalPath="Libraries.runtime"
    Type="Library"
    LastWriteTime="132461115938662758" />
  <Object
    Path="C:\Users\Nicol\Documents\GitHub\Ironer-Line\EIT5Projekt1\Logical\Libraries\runtime\runtime.fun"
    LogicalPath="Libraries.runtime.runtime.fun"
    Type="File"
    LastWriteTime="132461115938439069"
    Private="false" />
  <Object
    Path="C:\Users\Nicol\Documents\GitHub\Ironer-Line\EIT5Projekt1\Logical\Libraries\runtime\runtime.typ"
    LogicalPath="Libraries.runtime.runtime.typ"
    Type="File"
    LastWriteTime="132461115938551852"
    Private="false" />
  <Object
    Path="C:\Users\Nicol\Documents\GitHub\Ironer-Line\EIT5Projekt1\Logical\Libraries\runtime\runtime.var"
    LogicalPath="Libraries.runtime.runtime.var"
    Type="File"
    LastWriteTime="132461115938652888"
    Private="false" />
  <Object
    Path="C:\Users\Nicol\Documents\GitHub\Ironer-Line\EIT5Projekt1\Logical\Libraries\astime\Binary.lby"
    LogicalPath="Libraries.astime"
    Type="Library"
    LastWriteTime="132461115945077943" />
  <Object
    Path="C:\Users\Nicol\Documents\GitHub\Ironer-Line\EIT5Projekt1\Logical\Libraries\astime\astime.fun"
    LogicalPath="Libraries.astime.astime.fun"
    Type="File"
    LastWriteTime="132461115944883809"
    Private="false" />
  <Object
    Path="C:\Users\Nicol\Documents\GitHub\Ironer-Line\EIT5Projekt1\Logical\Libraries\astime\astime.typ"
    LogicalPath="Libraries.astime.astime.typ"
    Type="File"
    LastWriteTime="132461115944964268"
    Private="false" />
  <Object
    Path="C:\Users\Nicol\Documents\GitHub\Ironer-Line\EIT5Projekt1\Logical\Libraries\astime\astime.var"
    LogicalPath="Libraries.astime.astime.var"
    Type="File"
    LastWriteTime="132461115945058002"
    Private="false" />
  <Object
    Path="C:\Users\Nicol\Documents\GitHub\Ironer-Line\EIT5Projekt1\Logical\Libraries\AsIecCon\Binary.lby"
    LogicalPath="Libraries.AsIecCon"
    Type="Library"
    LastWriteTime="132461115951052831" />
  <Object
    Path="C:\Users\Nicol\Documents\GitHub\Ironer-Line\EIT5Projekt1\Logical\Libraries\AsIecCon\AsIecCon.fun"
    LogicalPath="Libraries.AsIecCon.AsIecCon.fun"
    Type="File"
    LastWriteTime="132461115950934932"
    Private="false" />
  <Object
    Path="C:\Users\Nicol\Documents\GitHub\Ironer-Line\EIT5Projekt1\Logical\Libraries\AsIecCon\AsIecCon.typ"
    LogicalPath="Libraries.AsIecCon.AsIecCon.typ"
    Type="File"
    LastWriteTime="132461115950994771"
    Private="false" />
  <Object
    Path="C:\Users\Nicol\Documents\GitHub\Ironer-Line\EIT5Projekt1\Logical\Libraries\AsIecCon\AsIecCon.var"
    LogicalPath="Libraries.AsIecCon.AsIecCon.var"
    Type="File"
    LastWriteTime="132461115951038553"
    Private="false" />
  <Object
    Path="C:\Users\Nicol\Documents\GitHub\Ironer-Line\EIT5Projekt1\Logical\Program\IEC.prg"
    LogicalPath="Program"
    Type="Program"
    LastWriteTime="132463587348907165" />
  <Object
    Path="C:\Users\Nicol\Documents\GitHub\Ironer-Line\EIT5Projekt1\Logical\Program\Main.st"
    LogicalPath="Program.Main.st"
    Type="File"
    LastWriteTime="132476680604426775"
    Private="false" />
  <Object
    Path="C:\Users\Nicol\Documents\GitHub\Ironer-Line\EIT5Projekt1\Logical\Program\Types.typ"
    LogicalPath="Program.Types.typ"
    Type="File"
    LastWriteTime="132473260410000000"
    Private="true" />
  <Object
    Path="C:\Users\Nicol\Documents\GitHub\Ironer-Line\EIT5Projekt1\Logical\Program\Variables.var"
    LogicalPath="Program.Variables.var"
    Type="File"
    LastWriteTime="132471564170000000"
    Private="true" />
  <Object
    Path="C:\Users\Nicol\Documents\GitHub\Ironer-Line\EIT5Projekt1\Logical\mappView\Package.pkg"
    LogicalPath="mappView"
    Type="Package"
    LastWriteTime="132476553144083617" />
  <Object
    Path="C:\Users\Nicol\Documents\GitHub\Ironer-Line\EIT5Projekt1\Logical\mappView\Layouts\Package.pkg"
    LogicalPath="mappView.Layouts"
    Type="Package"
    LastWriteTime="132476549393195011" />
  <Object
    Path="C:\Users\Nicol\Documents\GitHub\Ironer-Line\EIT5Projekt1\Logical\mappView\Widgets\Package.pkg"
    LogicalPath="mappView.Widgets"
    Type="Package"
    LastWriteTime="132476549393239028" />
  <Object
    Path="C:\Users\Nicol\Documents\GitHub\Ironer-Line\EIT5Projekt1\Logical\mappView\Resources\Package.pkg"
    LogicalPath="mappView.Resources"
    Type="Package"
    LastWriteTime="132476549393477390" />
  <Object
    Path="C:\Users\Nicol\Documents\GitHub\Ironer-Line\EIT5Projekt1\Logical\mappView\Resources\Texts\Package.pkg"
    LogicalPath="mappView.Resources.Texts"
    Type="Package"
    LastWriteTime="132476549393320448" />
  <Object
    Path="C:\Users\Nicol\Documents\GitHub\Ironer-Line\EIT5Projekt1\Logical\mappView\Resources\Snippets\Package.pkg"
    LogicalPath="mappView.Resources.Snippets"
    Type="Package"
    LastWriteTime="132476549393371536" />
  <Object
    Path="C:\Users\Nicol\Documents\GitHub\Ironer-Line\EIT5Projekt1\Logical\mappView\Resources\Themes\Package.pkg"
    LogicalPath="mappView.Resources.Themes"
    Type="Package"
    LastWriteTime="132476549393413294" />
  <Object
    Path="C:\Users\Nicol\Documents\GitHub\Ironer-Line\EIT5Projekt1\Logical\mappView\Resources\Media\Package.pkg"
    LogicalPath="mappView.Resources.Media"
    Type="Package"
    LastWriteTime="132476549393463159" />
  <Object
    Path="C:\Users\Nicol\Documents\GitHub\Ironer-Line\EIT5Projekt1\Logical\mappView\Visualization\Package.pkg"
    LogicalPath="mappView.Visualization"
    Type="Package"
    LastWriteTime="132476553144052757" />
  <Object
    Path="C:\Users\Nicol\Documents\GitHub\Ironer-Line\EIT5Projekt1\Logical\mappView\Visualization\Pages\Package.pkg"
    LogicalPath="mappView.Visualization.Pages"
    Type="Package"
    LastWriteTime="132476553263249208" />
  <Object
    Path="C:\Users\Nicol\Documents\GitHub\Ironer-Line\EIT5Projekt1\Logical\mappView\Visualization\Pages\AreaContents\Package.pkg"
    LogicalPath="mappView.Visualization.Pages.AreaContents"
    Type="Package"
    LastWriteTime="132476553143614732" />
  <Object
    Path="C:\Users\Nicol\Documents\GitHub\Ironer-Line\EIT5Projekt1\Logical\mappView\Visualization\Pages\Page\Package.pkg"
    LogicalPath="mappView.Visualization.Pages.Page"
    Type="Package"
    LastWriteTime="132476553476465941" />
  <Object
    Path="C:\Users\Nicol\Documents\GitHub\Ironer-Line\EIT5Projekt1\Logical\mappView\Visualization\Pages\Page\Page.page"
    LogicalPath="mappView.Visualization.Pages.Page.Page.page"
    Type="File"
    LastWriteTime="132476563231188431"
    Private="false" />
  <Object
    Path="C:\Users\Nicol\Documents\GitHub\Ironer-Line\EIT5Projekt1\Logical\mappView\Visualization\Pages\Page\Content.content"
    LogicalPath="mappView.Visualization.Pages.Page.Content.content"
    Type="File"
    LastWriteTime="132476560131016606"
    Private="false" />
  <Object
    Path="C:\Users\Nicol\Documents\GitHub\Ironer-Line\EIT5Projekt1\Logical\mappView\Visualization\Variables\Package.pkg"
    LogicalPath="mappView.Visualization.Variables"
    Type="Package"
    LastWriteTime="132476553143687573" />
  <Object
    Path="C:\Users\Nicol\Documents\GitHub\Ironer-Line\EIT5Projekt1\Logical\mappView\Visualization\Expressions\Package.pkg"
    LogicalPath="mappView.Visualization.Expressions"
    Type="Package"
    LastWriteTime="132476553143733751" />
  <Object
    Path="C:\Users\Nicol\Documents\GitHub\Ironer-Line\EIT5Projekt1\Logical\mappView\Visualization\Layouts\Package.pkg"
    LogicalPath="mappView.Visualization.Layouts"
    Type="Package"
    LastWriteTime="132476554635971198" />
  <Object
    Path="C:\Users\Nicol\Documents\GitHub\Ironer-Line\EIT5Projekt1\Logical\mappView\Visualization\Layouts\Layout.layout"
    LogicalPath="mappView.Visualization.Layouts.Layout.layout"
    Type="File"
    LastWriteTime="132476554635938915"
    Private="false" />
  <Object
    Path="C:\Users\Nicol\Documents\GitHub\Ironer-Line\EIT5Projekt1\Logical\mappView\Visualization\Dialogs\Package.pkg"
    LogicalPath="mappView.Visualization.Dialogs"
    Type="Package"
    LastWriteTime="132476553143884805" />
  <Object
    Path="C:\Users\Nicol\Documents\GitHub\Ironer-Line\EIT5Projekt1\Logical\mappView\Visualization\Dialogs\AreaContents\Package.pkg"
    LogicalPath="mappView.Visualization.Dialogs.AreaContents"
    Type="Package"
    LastWriteTime="132476553143865960" />
  <Object
    Path="C:\Users\Nicol\Documents\GitHub\Ironer-Line\EIT5Projekt1\Logical\mappView\Visualization\Resources\Package.pkg"
    LogicalPath="mappView.Visualization.Resources"
    Type="Package"
    LastWriteTime="132476553144042777" />
  <Object
    Path="C:\Users\Nicol\Documents\GitHub\Ironer-Line\EIT5Projekt1\Logical\mappView\Visualization\Resources\Texts\Package.pkg"
    LogicalPath="mappView.Visualization.Resources.Texts"
    Type="Package"
    LastWriteTime="132476553143972973" />
  <Object
    Path="C:\Users\Nicol\Documents\GitHub\Ironer-Line\EIT5Projekt1\Logical\mappView\Visualization\Resources\Snippets\Package.pkg"
    LogicalPath="mappView.Visualization.Resources.Snippets"
    Type="Package"
    LastWriteTime="132476553144022832" />
  <Object
    Path="C:\Users\Nicol\Documents\GitHub\Ironer-Line\EIT5Projekt1\Physical\Config1\Config.pkg"
    LogicalPath="Config1"
    Type="Configuration.ParentUnknown"
    LastWriteTime="132461116064355143" />
  <Object
    Path="C:\Users\Nicol\Documents\GitHub\Ironer-Line\EIT5Projekt1\Physical\Config1\Hardware.hw"
    LogicalPath="Config1.Hardware.hw"
    Type="File"
    LastWriteTime="132476550097661548"
    Private="false" />
  <Object
    Path="C:\Users\Nicol\Documents\GitHub\Ironer-Line\EIT5Projekt1\Physical\Config1\Hardware.hwl"
    LogicalPath="Config1.Hardware.hwl"
    Type="File"
    LastWriteTime="132463584778517834"
    Private="false" />
  <Object
    Path="C:\Users\Nicol\Documents\GitHub\Ironer-Line\EIT5Projekt1\Physical\Config1\X20CP0484\Cpu.pkg"
    LogicalPath="Config1.X20CP0484"
    Type="Cpu"
    LastWriteTime="132476567265768192" />
  <Object
    Path="C:\Users\Nicol\Documents\GitHub\Ironer-Line\EIT5Projekt1\Physical\Config1\X20CP0484\Cpu.sw"
    LogicalPath="Config1.X20CP0484.Cpu.sw"
    Type="File"
    LastWriteTime="132463587383116986"
    Private="false" />
  <Object
    Path="C:\Users\Nicol\Documents\GitHub\Ironer-Line\EIT5Projekt1\Physical\Config1\X20CP0484\Cpu.per"
    LogicalPath="Config1.X20CP0484.Cpu.per"
    Type="File"
    LastWriteTime="132461115956445409"
    Private="false" />
  <Object
    Path="C:\Users\Nicol\Documents\GitHub\Ironer-Line\EIT5Projekt1\Physical\Config1\X20CP0484\IoMap.iom"
    LogicalPath="Config1.X20CP0484.IoMap.iom"
    Type="File"
    LastWriteTime="132476726068923104"
    Private="false" />
  <Object
    Path="C:\Users\Nicol\Documents\GitHub\Ironer-Line\EIT5Projekt1\Physical\Config1\X20CP0484\PvMap.vvm"
    LogicalPath="Config1.X20CP0484.PvMap.vvm"
    Type="File"
    LastWriteTime="132461115956856020"
    Private="false" />
  <Object
    Path="C:\Users\Nicol\Documents\GitHub\Ironer-Line\EIT5Projekt1\Physical\Config1\X20CP0484\Connectivity\Package.pkg"
    LogicalPath="Config1.X20CP0484.Connectivity"
    Type="Package"
    LastWriteTime="132461115957869601" />
  <Object
    Path="C:\Users\Nicol\Documents\GitHub\Ironer-Line\EIT5Projekt1\Physical\Config1\X20CP0484\Connectivity\OpcUA\Package.pkg"
    LogicalPath="Config1.X20CP0484.Connectivity.OpcUA"
    Type="Package"
    LastWriteTime="132476551960413188" />
  <Object
    Path="C:\Users\Nicol\Documents\GitHub\Ironer-Line\EIT5Projekt1\Physical\Config1\X20CP0484\Connectivity\OpcUA\OpcUaMap.uad"
    LogicalPath="Config1.X20CP0484.Connectivity.OpcUA.OpcUaMap.uad"
    Type="File"
    LastWriteTime="132476724475416248"
    Private="false" />
  <Object
    Path="C:\Users\Nicol\Documents\GitHub\Ironer-Line\EIT5Projekt1\Physical\Config1\X20CP0484\TextSystem\Package.pkg"
    LogicalPath="Config1.X20CP0484.TextSystem"
    Type="Package"
    LastWriteTime="132461115958261053" />
  <Object
    Path="C:\Users\Nicol\Documents\GitHub\Ironer-Line\EIT5Projekt1\Physical\Config1\X20CP0484\UnitSystem\Package.pkg"
    LogicalPath="Config1.X20CP0484.UnitSystem"
    Type="Package"
    LastWriteTime="132461115958594232" />
  <Object
    Path="C:\Users\Nicol\Documents\GitHub\Ironer-Line\EIT5Projekt1\Physical\Config1\X20CP0484\AccessAndSecurity\Package.pkg"
    LogicalPath="Config1.X20CP0484.AccessAndSecurity"
    Type="Package"
    LastWriteTime="132461115961381176" />
  <Object
    Path="C:\Users\Nicol\Documents\GitHub\Ironer-Line\EIT5Projekt1\Physical\Config1\X20CP0484\AccessAndSecurity\UserRoleSystem\Package.pkg"
    LogicalPath="Config1.X20CP0484.AccessAndSecurity.UserRoleSystem"
    Type="Package"
    LastWriteTime="132461115959339266" />
  <Object
    Path="C:\Users\Nicol\Documents\GitHub\Ironer-Line\EIT5Projekt1\Physical\Config1\X20CP0484\AccessAndSecurity\UserRoleSystem\Role.role"
    LogicalPath="Config1.X20CP0484.AccessAndSecurity.UserRoleSystem.Role.role"
    Type="File"
    LastWriteTime="132461115959205100"
    Private="false" />
  <Object
    Path="C:\Users\Nicol\Documents\GitHub\Ironer-Line\EIT5Projekt1\Physical\Config1\X20CP0484\AccessAndSecurity\UserRoleSystem\User.user"
    LogicalPath="Config1.X20CP0484.AccessAndSecurity.UserRoleSystem.User.user"
    Type="File"
    LastWriteTime="132461115959329286"
    Private="false" />
  <Object
    Path="C:\Users\Nicol\Documents\GitHub\Ironer-Line\EIT5Projekt1\Physical\Config1\X20CP0484\AccessAndSecurity\CertificateStore\Package.pkg"
    LogicalPath="Config1.X20CP0484.AccessAndSecurity.CertificateStore"
    Type="Package"
    LastWriteTime="132461115961097495" />
  <Object
    Path="C:\Users\Nicol\Documents\GitHub\Ironer-Line\EIT5Projekt1\Physical\Config1\X20CP0484\AccessAndSecurity\CertificateStore\OwnCertificates\Package.pkg"
    LogicalPath="Config1.X20CP0484.AccessAndSecurity.CertificateStore.OwnCertificates"
    Type="Package"
    LastWriteTime="132461115960215799" />
  <Object
    Path="C:\Users\Nicol\Documents\GitHub\Ironer-Line\EIT5Projekt1\Physical\Config1\X20CP0484\AccessAndSecurity\CertificateStore\OwnCertificates\Certificates\Package.pkg"
    LogicalPath="Config1.X20CP0484.AccessAndSecurity.CertificateStore.OwnCertificates.Certificates"
    Type="Package"
    LastWriteTime="132461115959840843" />
  <Object
    Path="C:\Users\Nicol\Documents\GitHub\Ironer-Line\EIT5Projekt1\Physical\Config1\X20CP0484\AccessAndSecurity\CertificateStore\OwnCertificates\PrivateKeys\Package.pkg"
    LogicalPath="Config1.X20CP0484.AccessAndSecurity.CertificateStore.OwnCertificates.PrivateKeys"
    Type="Package"
    LastWriteTime="132461115960091367" />
  <Object
    Path="C:\Users\Nicol\Documents\GitHub\Ironer-Line\EIT5Projekt1\Physical\Config1\X20CP0484\AccessAndSecurity\CertificateStore\ThirdPartyCertificates\Package.pkg"
    LogicalPath="Config1.X20CP0484.AccessAndSecurity.CertificateStore.ThirdPartyCertificates"
    Type="Package"
    LastWriteTime="132461115960597935" />
  <Object
    Path="C:\Users\Nicol\Documents\GitHub\Ironer-Line\EIT5Projekt1\Physical\Config1\X20CP0484\AccessAndSecurity\CertificateStore\ThirdPartyCertificates\SoftwareCertificates\Package.pkg"
    LogicalPath="Config1.X20CP0484.AccessAndSecurity.CertificateStore.ThirdPartyCertificates.SoftwareCertificates"
    Type="Package"
    LastWriteTime="132461115960515214" />
  <Object
    Path="C:\Users\Nicol\Documents\GitHub\Ironer-Line\EIT5Projekt1\Physical\Config1\X20CP0484\AccessAndSecurity\CertificateStore\CertificateRevocationLists\Package.pkg"
    LogicalPath="Config1.X20CP0484.AccessAndSecurity.CertificateStore.CertificateRevocationLists"
    Type="Package"
    LastWriteTime="132461115960802908" />
  <Object
    Path="C:\Users\Nicol\Documents\GitHub\Ironer-Line\EIT5Projekt1\Physical\Config1\X20CP0484\AccessAndSecurity\CertificateStore\CertificateSigningRequests\Package.pkg"
    LogicalPath="Config1.X20CP0484.AccessAndSecurity.CertificateStore.CertificateSigningRequests"
    Type="Package"
    LastWriteTime="132461115961019681" />
  <Object
    Path="C:\Users\Nicol\Documents\GitHub\Ironer-Line\EIT5Projekt1\Physical\Config1\X20CP0484\AccessAndSecurity\TransportLayerSecurity\Package.pkg"
    LogicalPath="Config1.X20CP0484.AccessAndSecurity.TransportLayerSecurity"
    Type="Package"
    LastWriteTime="132461115961303451" />
  <Object
    Path="C:\Users\Nicol\Documents\GitHub\Ironer-Line\EIT5Projekt1\Physical\Config1\X20CP0484\mappControl\Package.pkg"
    LogicalPath="Config1.X20CP0484.mappControl"
    Type="Package"
    LastWriteTime="132461115961656171" />
  <Object
    Path="C:\Users\Nicol\Documents\GitHub\Ironer-Line\EIT5Projekt1\Physical\Config1\X20CP0484\mappMotion\Package.pkg"
    LogicalPath="Config1.X20CP0484.mappMotion"
    Type="Package"
    LastWriteTime="132461115961823373" />
  <Object
    Path="C:\Users\Nicol\Documents\GitHub\Ironer-Line\EIT5Projekt1\Physical\Config1\X20CP0484\mappServices\Package.pkg"
    LogicalPath="Config1.X20CP0484.mappServices"
    Type="Package"
    LastWriteTime="132461115962052124" />
  <Object
    Path="C:\Users\Nicol\Documents\GitHub\Ironer-Line\EIT5Projekt1\Physical\Config1\X20CP0484\mappView\Package.pkg"
    LogicalPath="Config1.X20CP0484.mappView"
    Type="Package"
    LastWriteTime="132476593014761404" />
  <Object
    Path="C:\Users\Nicol\Documents\GitHub\Ironer-Line\EIT5Projekt1\Physical\Config1\X20CP0484\mappView\Visualizat.vis"
    LogicalPath="Config1.X20CP0484.mappView.Visualizat.vis"
    Type="File"
    LastWriteTime="132476559134768007"
    Private="false" />
  <Object
    Path="C:\Users\Nicol\Documents\GitHub\Ironer-Line\EIT5Projekt1\Physical\Config1\X20CP0484\mappView\Binding.binding"
    LogicalPath="Config1.X20CP0484.mappView.Binding.binding"
    Type="File"
    LastWriteTime="132476559816350585"
    Private="false" />
  <Object
    Path="C:\Users\Nicol\Documents\GitHub\Ironer-Line\EIT5Projekt1\Physical\Config1\X20CP0484\mappView\Config.mappviewcfg"
    LogicalPath="Config1.X20CP0484.mappView.Config.mappviewcfg"
    Type="File"
    LastWriteTime="132476593014751419"
    Private="false" />
  <Object
    Path="C:\Users\Nicol\Documents\GitHub\Ironer-Line\EIT5Projekt1\Physical\Config1\X20CP0484\mappCockpit\Package.pkg"
    LogicalPath="Config1.X20CP0484.mappCockpit"
    Type="Package"
    LastWriteTime="132461115962560715" />
  <Object
    Path="C:\Users\Nicol\Documents\GitHub\Ironer-Line\EIT5Projekt1\Physical\Config1\Hardware.jpg"
    LogicalPath="Config1.Hardware.jpg"
    Type="File"
    LastWriteTime="132473260410000000"
    Private="false" />
  <Object
    Path="C:\Users\Nicol\Documents\GitHub\Ironer-Line\EIT5Projekt1\Logical\Libraries\AsIecCon\SG4\AsIecCon.h"
    LogicalPath="AsIecCon.h"
    Type="File.ParentUnknown"
    LastWriteTime="131717474360000000"
    Private="false" />
  <Object
    Path="C:\Users\Nicol\Documents\GitHub\Ironer-Line\EIT5Projekt1\Logical\Libraries\astime\SG4\astime.h"
    LogicalPath="astime.h"
    Type="File.ParentUnknown"
    LastWriteTime="131717474420000000"
    Private="false" />
  <Object
    Path="C:\Users\Nicol\Documents\GitHub\Ironer-Line\EIT5Projekt1\Logical\Libraries\operator\SG4\operator.h"
    LogicalPath="operator.h"
    Type="File.ParentUnknown"
    LastWriteTime="131717474460000000"
    Private="false" />
  <Object
    Path="C:\Users\Nicol\Documents\GitHub\Ironer-Line\EIT5Projekt1\Logical\Libraries\runtime\SG4\runtime.h"
    LogicalPath="runtime.h"
    Type="File.ParentUnknown"
    LastWriteTime="131717474460000000"
    Private="false" />
</Objects>